1771588704372	geckodriver	INFO	Listening on 127.0.0.1:52617
1771588707494	mozrunner::runner	INFO	Running command: "C:\\Users\\MUSKAN MISHRA\\.cache\\selenium\\firefox\\win64\\147.0.4\\firefox.exe" "--marionette" "--remote- ... "--remote-allow-hosts" "localhost" "-no-remote" "-profile" "C:\\Users\\MUSKAN~1\\AppData\\Local\\Temp\\rust_mozprofileNijO3F"
console.warn: services.settings: Ignoring preference override of remote settings server
console.warn: services.settings: Allow by setting MOZ_REMOTE_SETTINGS_DEVTOOLS=1 in the environment
Dynamically enable window occlusion 0
1771588708556	Marionette	INFO	Marionette enabled
1771588708713	Marionette	INFO	Listening on port 52625
WebDriver BiDi listening on ws://127.0.0.1:52618
Read port: 52625
1771588708895	RemoteAgent	WARN	TLS certificate errors will be ignored for this session
[GFX1-]: Calling WaitFlushedEvent::Run: is delayed: 2279
console.warn: LoginRecipes: "Falling back to a synchronous message for: https://opensource-demo.orangehrmlive.com."
console.warn: LoginRecipes: "Falling back to a synchronous message for: https://opensource-demo.orangehrmlive.com."
1771588737781	Marionette	INFO	Stopped listening on port 52625
Dynamically enable window occlusion 1
console.warn: TopSitesFeed: Failed to fetch data from MARS server: NetworkError when attempting to fetch resource.
JavaScript error: resource://gre/modules/UpdateService.sys.mjs, line 5603: 
1771588738831	addons.xpi	ERROR	System addon update list error [Exception... "<no message>"  nsresult: "0x8046001e (<unknown>)"  location: "JS frame :: resource://gre/modules/ServiceRequest.sys.mjs :: open :: line 126"  data: no]
console.error: (new Error("Polling for changes failed: .", "resource://services-settings/remote-settings.sys.mjs", 482))
console.error: Region.sys.mjs: "Error fetching region" (new TypeError("NetworkError when attempting to fetch resource.", ""))
console.error: Region.sys.mjs: "Failed to fetch region" (new Error("NO_RESULT", "resource://gre/modules/Region.sys.mjs", 396))
